<?xml version="1.0" encoding="UTF-8"?>
<!-- Generated by org.testng.reporters.JUnitXMLReporter -->
<testsuite hostname="ws-lv-cp2258" ignored="0" name="CreateEmailPage" tests="1" failures="0" timestamp="01 лют. 2017 10:12:14 GMT" time="12.823" errors="0">
  <testcase name="@AfterMethod getResult" time="0.0" classname="eleks.com.pages_tests.BasePage_Test">
    <failure type="java.lang.NullPointerException">
      <![CDATA[java.lang.NullPointerException
	at eleks.com.pages_tests.BasePage_Test.getResult(BasePage_Test.java:87)
... Removed 30 stack frames]]>
    </failure>
  </testcase> <!-- @AfterMethod getResult -->
  <testcase name="createEmail_test" time="12.06" classname="eleks.com.pages_tests.CreateEmailPage_Test"/>
</testsuite> <!-- CreateEmailPage -->
