<?xml version="1.0" encoding="UTF-8"?>
<!-- Generated by org.testng.reporters.JUnitXMLReporter -->
<testsuite hostname="ws-lv-cp2258" ignored="0" name="MailBoxPage" tests="2" failures="0" timestamp="01 лют. 2017 10:12:01 GMT" time="8.435" errors="0">
  <testcase name="@AfterMethod getResult" time="0.0" classname="eleks.com.pages_tests.BasePage_Test">
    <failure type="java.lang.NullPointerException">
      <![CDATA[java.lang.NullPointerException
	at eleks.com.pages_tests.BasePage_Test.getResult(BasePage_Test.java:87)
... Removed 30 stack frames]]>
    </failure>
  </testcase> <!-- @AfterMethod getResult -->
  <testcase name="@BeforeMethod setUp" time="0.0" classname="eleks.com.pages_tests.BasePage_Test">
    <skipped/>
  </testcase> <!-- @BeforeMethod setUp -->
  <testcase name="@AfterMethod getResult" time="0.0" classname="eleks.com.pages_tests.BasePage_Test">
    <skipped/>
  </testcase> <!-- @AfterMethod getResult -->
  <testcase name="goToCreateEmailPage_test" time="7.703" classname="eleks.com.pages_tests.MailBoxPage_Test"/>
  <testcase name="logout_test" time="0.001" classname="eleks.com.pages_tests.MailBoxPage_Test">
    <skipped/>
  </testcase> <!-- logout_test -->
</testsuite> <!-- MailBoxPage -->
