<?xml version="1.0" encoding="UTF-8"?>
<!-- Generated by org.testng.reporters.JUnitXMLReporter -->
<testsuite hostname="ws-lv-cp2258" ignored="0" name="MainPage" tests="3" failures="0" timestamp="01 лют. 2017 10:11:53 GMT" time="8.576" errors="0">
  <testcase name="@AfterMethod getResult" time="0.0" classname="eleks.com.pages_tests.BasePage_Test">
    <failure type="java.lang.NullPointerException">
      <![CDATA[java.lang.NullPointerException
	at eleks.com.pages_tests.BasePage_Test.getResult(BasePage_Test.java:87)
... Removed 30 stack frames]]>
    </failure>
  </testcase> <!-- @AfterMethod getResult -->
  <testcase name="@BeforeMethod setUp" time="0.0" classname="eleks.com.pages_tests.BasePage_Test">
    <skipped/>
  </testcase> <!-- @BeforeMethod setUp -->
  <testcase name="@AfterMethod getResult" time="0.0" classname="eleks.com.pages_tests.BasePage_Test">
    <skipped/>
  </testcase> <!-- @AfterMethod getResult -->
  <testcase name="@BeforeMethod setUp" time="0.0" classname="eleks.com.pages_tests.BasePage_Test">
    <skipped/>
  </testcase> <!-- @BeforeMethod setUp -->
  <testcase name="@AfterMethod getResult" time="0.0" classname="eleks.com.pages_tests.BasePage_Test">
    <skipped/>
  </testcase> <!-- @AfterMethod getResult -->
  <testcase name="isMainPageOpened_test" time="0.882" classname="eleks.com.pages_tests.MainPage_Test"/>
  <testcase name="negative_loginAs_test" time="0.001" classname="eleks.com.pages_tests.MainPage_Test">
    <skipped/>
  </testcase> <!-- negative_loginAs_test -->
  <testcase name="positive_loginAs_test" time="0.0" classname="eleks.com.pages_tests.MainPage_Test">
    <skipped/>
  </testcase> <!-- positive_loginAs_test -->
</testsuite> <!-- MainPage -->
